<?xml version="1.0" encoding="UTF-8"?>
<!-- Generated by org.testng.reporters.JUnitXMLReporter -->
<testsuite ignored="0" hostname="macs-MacBook-Pro.local" failures="0" tests="3" name="betika" time="17.623" errors="0" timestamp="2023-12-12T00:19:15 WAT">
  <testcase classname="com.betika.test_cases.RegistrationTest" name="invalidPhoneNumber" time="1.277"/>
  <testcase classname="com.betika.test_cases.RegistrationTest" name="invalidPhoneNumber" time="0.561"/>
  <testcase classname="com.betika.test_cases.RegistrationTest" name="successfulRegistration" time="3.352"/>
</testsuite> <!-- betika -->
