<?xml version="1.0" encoding="UTF-8"?>
<testsuite xmlns:xsi="http://www.w3.org/2001/XMLSchema-instance" xsi:noNamespaceSchemaLocation="https://maven.apache.org/surefire/maven-surefire-plugin/xsd/surefire-test-report-3.0.xsd" version="3.0" name="TestSuite" time="18.576" tests="3" errors="0" skipped="0" failures="0">
  <properties>
[...]
</properties>
  <testcase name="invalidPhoneNumber[{invalidPhone=1234567890, validPassword=#112346789p}](1)" classname="com.betika.test_cases.RegistrationTest" time="1.28">
    <system-out><![CDATA[chrome
]]></system-out>
    <system-err><![CDATA[SLF4J: Failed to load class "org.slf4j.impl.StaticLoggerBinder".
SLF4J: Defaulting to no-operation (NOP) logger implementation
SLF4J: See http://www.slf4j.org/codes.html#StaticLoggerBinder for further details.
Dec 12, 2023 12:18:59 AM org.openqa.selenium.devtools.CdpVersionFinder findNearestMatch
WARNING: Unable to find an exact match for CDP version 120, returning the closest version; found: 118; Please update to a Selenium version that supports CDP version 120
Exception in thread "TestNG-test=betika-2" java.lang.NullPointerException: Cannot invoke "com.aventstack.extentreports.ExtentTest.fail(java.lang.Throwable)" because the return value of "java.lang.ThreadLocal.get()" is null
	at Listeners.Listeners.onTestFailure(Listeners.java:37)
	at org.testng.internal.TestListenerHelper.runTestListeners(TestListenerHelper.java:99)
	at org.testng.internal.invokers.TestInvoker.runTestResultListener(TestInvoker.java:277)
	at org.testng.internal.invokers.TestInvoker$MethodInvocationAgent.invoke(TestInvoker.java:945)
	at org.testng.internal.invokers.TestInvoker.invokeTestMethods(TestInvoker.java:194)
	at org.testng.internal.invokers.TestMethodWorker.invokeTestMethods(TestMethodWorker.java:148)
	at org.testng.internal.invokers.TestMethodWorker.run(TestMethodWorker.java:128)
	at java.base/java.util.concurrent.ThreadPoolExecutor.runWorker(ThreadPoolExecutor.java:1136)
	at java.base/java.util.concurrent.ThreadPoolExecutor$Worker.run(ThreadPoolExecutor.java:635)
	at java.base/java.lang.Thread.run(Thread.java:833)
]]></system-err>
  </testcase>
  <testcase name="invalidPhoneNumber[{validPassword=#112346789p, existingPhone=0715949396}](2)" classname="com.betika.test_cases.RegistrationTest" time="0.561"/>
  <testcase name="successfulRegistration" classname="com.betika.test_cases.RegistrationTest" time="2.069"/>
</testsuite>