<?xml version="1.0" encoding="UTF-8"?>
<testng-results ignored="0" total="2" passed="2" failed="0" skipped="0">
  <reporter-output>
  </reporter-output>
  <suite started-at="2023-12-13T20:10:09 WAT" name="Suite" finished-at="2023-12-13T20:11:17 WAT" duration-ms="68135">
    <groups>
    </groups>
    <test started-at="2023-12-13T20:10:09 WAT" name="betika" finished-at="2023-12-13T20:11:17 WAT" duration-ms="68135">
      <class name="com.betika.test_cases.BetPlacementTest">
        <test-method is-config="true" signature="launchBrowser(java.lang.String,java.lang.String)[pri:0, instance:com.betika.test_cases.BetPlacementTest@192d43ce]" started-at="2023-12-13T20:10:09 WAT" name="launchBrowser" finished-at="2023-12-13T20:10:22 WAT" duration-ms="12919" status="PASS">
          <params>
            <param index="0">
              <value>
                <![CDATA[https://www.betika.com/en-ke/]]>
              </value>
            </param>
            <param index="1">
              <value>
                <![CDATA[chrome]]>
              </value>
            </param>
          </params>
          <reporter-output>
          </reporter-output>
        </test-method> <!-- launchBrowser -->
        <test-method is-config="true" signature="init(java.lang.String,java.lang.String)[pri:0, instance:com.betika.test_cases.BetPlacementTest@192d43ce]" started-at="2023-12-13T20:10:22 WAT" name="init" finished-at="2023-12-13T20:10:23 WAT" duration-ms="915" status="PASS">
          <params>
            <param index="0">
              <value>
                <![CDATA[254735638271]]>
              </value>
            </param>
            <param index="1">
              <value>
                <![CDATA[2020]]>
              </value>
            </param>
          </params>
          <reporter-output>
          </reporter-output>
        </test-method> <!-- init -->
        <test-method signature="betSlipShareTest()[pri:2, instance:com.betika.test_cases.BetPlacementTest@192d43ce]" started-at="2023-12-13T20:10:23 WAT" name="betSlipShareTest" finished-at="2023-12-13T20:11:08 WAT" duration-ms="44870" status="PASS">
          <reporter-output>
          </reporter-output>
        </test-method> <!-- betSlipShareTest -->
        <test-method signature="betPlacementTest()[pri:1, instance:com.betika.test_cases.BetPlacementTest@192d43ce]" started-at="2023-12-13T20:10:23 WAT" name="betPlacementTest" finished-at="2023-12-13T20:11:17 WAT" duration-ms="54079" status="PASS">
          <reporter-output>
          </reporter-output>
        </test-method> <!-- betPlacementTest -->
        <test-method is-config="true" signature="terminate()[pri:0, instance:com.betika.test_cases.BetPlacementTest@192d43ce]" started-at="2023-12-13T20:11:17 WAT" name="terminate" finished-at="2023-12-13T20:11:17 WAT" duration-ms="194" status="PASS">
          <reporter-output>
          </reporter-output>
        </test-method> <!-- terminate -->
      </class> <!-- com.betika.test_cases.BetPlacementTest -->
    </test> <!-- betika -->
  </suite> <!-- Suite -->
</testng-results>
